2024-07-30 23:35:07.075 [info] Added views:workbench.panel.markers.view in workbench.panel.markers
2024-07-30 23:35:07.075 [info] Added views:workbench.panel.output in workbench.panel.output
2024-07-30 23:35:07.075 [info] Added views:terminal in terminal
2024-07-30 23:35:07.075 [info] Added views:outline in workbench.view.explorer
2024-07-30 23:35:07.075 [info] Added views:workbench.scm in workbench.view.scm
2024-07-30 23:35:07.075 [info] Added views:workbench.view.search in workbench.view.search
2024-07-30 23:35:07.075 [info] Added views:timeline in workbench.view.explorer
2024-07-30 23:35:07.075 [info] Added views:workbench.explorer.emptyView in workbench.view.explorer
2024-07-30 23:35:07.134 [info] Added views:workbench.debug.welcome in workbench.view.debug
2024-07-30 23:35:07.509 [info] Added views:workbench.panel.repl.view in workbench.panel.repl
2024-07-30 23:35:07.690 [info] Added views:~remote.forwardedPorts in ~remote.forwardedPortsContainer
2024-07-30 23:36:23.378 [info] Added views:workbench.panel.markers.view in workbench.panel.markers
2024-07-30 23:36:23.378 [info] Added views:workbench.panel.output in workbench.panel.output
2024-07-30 23:36:23.378 [info] Added views:terminal in terminal
2024-07-30 23:36:23.378 [info] Added views:outline in workbench.view.explorer
2024-07-30 23:36:23.378 [info] Added views:workbench.scm in workbench.view.scm
2024-07-30 23:36:23.378 [info] Added views:workbench.view.search in workbench.view.search
2024-07-30 23:36:23.378 [info] Added views:timeline in workbench.view.explorer
2024-07-30 23:36:23.378 [info] Added views:workbench.explorer.fileView in workbench.view.explorer
2024-07-30 23:36:23.561 [info] Added views:workbench.debug.variablesView,workbench.debug.watchExpressionsView,workbench.debug.callStackView,workbench.debug.breakPointsView in workbench.view.debug
2024-07-30 23:36:23.622 [info] Added views:~remote.forwardedPorts in ~remote.forwardedPortsContainer
2024-07-30 23:36:23.738 [info] Added views:workbench.panel.repl.view in workbench.panel.repl
2024-07-30 23:36:23.738 [info] Removed views:workbench.debug.breakPointsView,workbench.debug.callStackView,workbench.debug.watchExpressionsView,workbench.debug.variablesView from workbench.view.debug
2024-07-30 23:36:23.738 [info] Added views:workbench.debug.welcome in workbench.view.debug
2024-07-30 23:36:28.699 [info] Added views:workbench.views.extensions.installed,workbench.views.extensions.popular,extensions.recommendedList in workbench.view.extensions
2024-07-30 23:36:28.703 [info] Removed views:workbench.views.extensions.popular from workbench.view.extensions
