2024-07-30 23:35:22.001 [info] Reading sessions from keychain...
2024-07-30 23:35:22.001 [info] Getting sessions for all scopes...
2024-07-30 23:35:22.001 [info] Got 0 sessions for ...
2024-07-30 23:35:22.001 [info] Getting sessions for read:user,repo,user:email,workflow...
2024-07-30 23:35:22.001 [info] Got 0 sessions for read:user,repo,user:email,workflow...
2024-07-30 23:35:23.900 [info] Logging in for the following scopes: read:user repo user:email workflow
2024-07-30 23:35:23.912 [info] Trying device code flow... (read:user repo user:email workflow)
2024-07-30 23:35:42.936 [info] Getting user info...
2024-07-30 23:35:43.219 [info] Got account info!
2024-07-30 23:35:43.220 [info] Storing 1 sessions...
2024-07-30 23:35:49.498 [info] Reading sessions from keychain...
2024-07-30 23:35:49.498 [info] Stored 1 sessions!
2024-07-30 23:35:49.498 [info] Login success!
2024-07-30 23:35:49.542 [info] Got stored sessions!
2024-07-30 23:35:49.542 [info] Got 1 verified sessions.
2024-07-30 23:36:40.608 [info] Reading sessions from keychain...
2024-07-30 23:36:40.609 [info] Getting sessions for all scopes...
2024-07-30 23:36:40.609 [info] Got stored sessions!
2024-07-30 23:36:40.609 [info] Got 1 verified sessions.
2024-07-30 23:36:40.609 [info] Got 1 sessions for ...
2024-07-30 23:36:40.609 [info] Getting sessions for read:user,repo,user:email,workflow...
2024-07-30 23:36:40.609 [info] Got 1 sessions for read:user,repo,user:email,workflow...
2024-07-30 23:36:40.960 [info] Getting sessions for read:user,repo,user:email,workflow...
2024-07-30 23:36:40.960 [info] Got 1 sessions for read:user,repo,user:email,workflow...
